0 info it worked if it ends with ok
1 verbose cli [
1 verbose cli   'C:\\Program Files\\nodejs\\node.exe',
1 verbose cli   'C:\\Users\\dell\\AppData\\Roaming\\npm\\node_modules\\npm\\bin\\npm-cli.js',
1 verbose cli   'start'
1 verbose cli ]
2 info using npm@4.0.0
3 info using node@v13.12.0
4 verbose config Skipping project config: C:\Users\dell/.npmrc. (matches userconfig)
5 verbose stack Error: ENOENT: no such file or directory, open 'C:\Users\dell\package.json'
6 verbose cwd C:\Users\dell\Desktop\covid
7 error Windows_NT 10.0.18363
8 error argv "C:\\Program Files\\nodejs\\node.exe" "C:\\Users\\dell\\AppData\\Roaming\\npm\\node_modules\\npm\\bin\\npm-cli.js" "start"
9 error node v13.12.0
10 error npm  v4.0.0
11 error path C:\Users\dell\package.json
12 error code ENOENT
13 error errno -4058
14 error syscall open
15 error enoent ENOENT: no such file or directory, open 'C:\Users\dell\package.json'
16 error enoent ENOENT: no such file or directory, open 'C:\Users\dell\package.json'
16 error enoent This is most likely not a problem with npm itself
16 error enoent and is related to npm not being able to find a file.
17 verbose exit [ -4058, true ]
